{"C:\\Users\\lucia\\Downloads\\desafio3\\desafio3front\\src\\App.tsx": {"path":"C:\\Users\\lucia\\Downloads\\desafio3\\desafio3front\\src\\App.tsx","statementMap":{"0":{"start":{"line":15,"column":22},"end":{"line":32,"column":1}},"1":{"start":{"line":16,"column":2},"end":{"line":31,"column":4}}},"fnMap":{"0":{"name":"(anonymous_0)","decl":{"start":{"line":15,"column":22},"end":{"line":15,"column":23}},"loc":{"start":{"line":15,"column":28},"end":{"line":32,"column":1}},"line":15}},"branchMap":{},"s":{"0":0,"1":0},"f":{"0":0},"b":{}}
,"C:\\Users\\lucia\\Downloads\\desafio3\\desafio3front\\src\\firebaseConfig.tsx": {"path":"C:\\Users\\lucia\\Downloads\\desafio3\\desafio3front\\src\\firebaseConfig.tsx","statementMap":{"0":{"start":{"line":4,"column":23},"end":{"line":11,"column":1}},"1":{"start":{"line":13,"column":12},"end":{"line":13,"column":41}},"2":{"start":{"line":14,"column":20},"end":{"line":14,"column":32}}},"fnMap":{},"branchMap":{},"s":{"0":0,"1":0,"2":0},"f":{},"b":{}}
,"C:\\Users\\lucia\\Downloads\\desafio3\\desafio3front\\src\\main.tsx": {"path":"C:\\Users\\lucia\\Downloads\\desafio3\\desafio3front\\src\\main.tsx","statementMap":{"0":{"start":{"line":7,"column":20},"end":{"line":7,"column":51}},"1":{"start":{"line":8,"column":0},"end":{"line":10,"column":1}},"2":{"start":{"line":9,"column":2},"end":{"line":9,"column":53}},"3":{"start":{"line":12,"column":13},"end":{"line":12,"column":36}},"4":{"start":{"line":13,"column":0},"end":{"line":21,"column":2}}},"fnMap":{},"branchMap":{"0":{"loc":{"start":{"line":8,"column":0},"end":{"line":10,"column":1}},"type":"if","locations":[{"start":{"line":8,"column":0},"end":{"line":10,"column":1}},{"start":{},"end":{}}],"line":8}},"s":{"0":0,"1":0,"2":0,"3":0,"4":0},"f":{},"b":{"0":[0,0]}}
,"C:\\Users\\lucia\\Downloads\\desafio3\\desafio3front\\src\\components\\BannerBenefits.tsx": {"path":"C:\\Users\\lucia\\Downloads\\desafio3\\desafio3front\\src\\components\\BannerBenefits.tsx","statementMap":{"0":{"start":{"line":3,"column":23},"end":{"line":46,"column":1}},"1":{"start":{"line":4,"column":2},"end":{"line":45,"column":4}}},"fnMap":{"0":{"name":"(anonymous_0)","decl":{"start":{"line":3,"column":23},"end":{"line":3,"column":24}},"loc":{"start":{"line":3,"column":29},"end":{"line":46,"column":1}},"line":3}},"branchMap":{},"s":{"0":1,"1":2},"f":{"0":2},"b":{},"_coverageSchema":"1a1c01bbd47fc00a2c39e90264f33305004495a9","hash":"6d87302ef3c203da1fb9cdf4fa1d589ccb53664c"}
,"C:\\Users\\lucia\\Downloads\\desafio3\\desafio3front\\src\\components\\BannerPage.tsx": {"path":"C:\\Users\\lucia\\Downloads\\desafio3\\desafio3front\\src\\components\\BannerPage.tsx","statementMap":{"0":{"start":{"line":9,"column":46},"end":{"line":21,"column":1}},"1":{"start":{"line":10,"column":2},"end":{"line":20,"column":4}}},"fnMap":{"0":{"name":"(anonymous_0)","decl":{"start":{"line":9,"column":46},"end":{"line":9,"column":47}},"loc":{"start":{"line":9,"column":76},"end":{"line":21,"column":1}},"line":9}},"branchMap":{},"s":{"0":1,"1":6},"f":{"0":6},"b":{},"_coverageSchema":"1a1c01bbd47fc00a2c39e90264f33305004495a9","hash":"b1845664cd647e2a40e379eeec023396c0b6dc0c"}
,"C:\\Users\\lucia\\Downloads\\desafio3\\desafio3front\\src\\components\\BillingForm.tsx": {"path":"C:\\Users\\lucia\\Downloads\\desafio3\\desafio3front\\src\\components\\BillingForm.tsx","statementMap":{"0":{"start":{"line":4,"column":20},"end":{"line":221,"column":1}},"1":{"start":{"line":5,"column":34},"end":{"line":17,"column":4}},"2":{"start":{"line":19,"column":30},"end":{"line":19,"column":69}},"3":{"start":{"line":21,"column":28},"end":{"line":28,"column":3}},"4":{"start":{"line":22,"column":28},"end":{"line":22,"column":36}},"5":{"start":{"line":23,"column":4},"end":{"line":23,"column":48}},"6":{"start":{"line":25,"column":4},"end":{"line":27,"column":5}},"7":{"start":{"line":26,"column":6},"end":{"line":26,"column":26}},"8":{"start":{"line":30,"column":23},"end":{"line":49,"column":3}},"9":{"start":{"line":31,"column":4},"end":{"line":48,"column":5}},"10":{"start":{"line":32,"column":23},"end":{"line":32,"column":83}},"11":{"start":{"line":33,"column":19},"end":{"line":33,"column":32}},"12":{"start":{"line":34,"column":6},"end":{"line":44,"column":7}},"13":{"start":{"line":35,"column":8},"end":{"line":41,"column":12}},"14":{"start":{"line":35,"column":35},"end":{"line":41,"column":9}},"15":{"start":{"line":43,"column":8},"end":{"line":43,"column":37}},"16":{"start":{"line":46,"column":6},"end":{"line":46,"column":55}},"17":{"start":{"line":47,"column":6},"end":{"line":47,"column":40}},"18":{"start":{"line":51,"column":23},"end":{"line":62,"column":3}},"19":{"start":{"line":52,"column":50},"end":{"line":52,"column":52}},"20":{"start":{"line":53,"column":4},"end":{"line":53,"column":77}},"21":{"start":{"line":53,"column":29},"end":{"line":53,"column":77}},"22":{"start":{"line":54,"column":4},"end":{"line":54,"column":74}},"23":{"start":{"line":54,"column":28},"end":{"line":54,"column":74}},"24":{"start":{"line":55,"column":4},"end":{"line":55,"column":71}},"25":{"start":{"line":55,"column":27},"end":{"line":55,"column":71}},"26":{"start":{"line":56,"column":4},"end":{"line":56,"column":77}},"27":{"start":{"line":56,"column":27},"end":{"line":56,"column":77}},"28":{"start":{"line":57,"column":4},"end":{"line":57,"column":68}},"29":{"start":{"line":57,"column":24},"end":{"line":57,"column":68}},"30":{"start":{"line":58,"column":4},"end":{"line":58,"column":72}},"31":{"start":{"line":58,"column":25},"end":{"line":58,"column":72}},"32":{"start":{"line":60,"column":4},"end":{"line":60,"column":26}},"33":{"start":{"line":61,"column":4},"end":{"line":61,"column":48}},"34":{"start":{"line":64,"column":23},"end":{"line":87,"column":3}},"35":{"start":{"line":65,"column":4},"end":{"line":65,"column":23}},"36":{"start":{"line":66,"column":4},"end":{"line":86,"column":5}},"37":{"start":{"line":67,"column":6},"end":{"line":67,"column":52}},"38":{"start":{"line":69,"column":6},"end":{"line":81,"column":9}},"39":{"start":{"line":83,"column":6},"end":{"line":83,"column":47}},"40":{"start":{"line":85,"column":6},"end":{"line":85,"column":65}},"41":{"start":{"line":89,"column":2},"end":{"line":220,"column":4}}},"fnMap":{"0":{"name":"(anonymous_0)","decl":{"start":{"line":4,"column":20},"end":{"line":4,"column":21}},"loc":{"start":{"line":4,"column":26},"end":{"line":221,"column":1}},"line":4},"1":{"name":"(anonymous_1)","decl":{"start":{"line":21,"column":28},"end":{"line":21,"column":29}},"loc":{"start":{"line":21,"column":72},"end":{"line":28,"column":3}},"line":21},"2":{"name":"(anonymous_2)","decl":{"start":{"line":30,"column":23},"end":{"line":30,"column":24}},"loc":{"start":{"line":30,"column":50},"end":{"line":49,"column":3}},"line":30},"3":{"name":"(anonymous_3)","decl":{"start":{"line":35,"column":20},"end":{"line":35,"column":21}},"loc":{"start":{"line":35,"column":35},"end":{"line":41,"column":9}},"line":35},"4":{"name":"(anonymous_4)","decl":{"start":{"line":51,"column":23},"end":{"line":51,"column":24}},"loc":{"start":{"line":51,"column":29},"end":{"line":62,"column":3}},"line":51},"5":{"name":"(anonymous_5)","decl":{"start":{"line":64,"column":23},"end":{"line":64,"column":24}},"loc":{"start":{"line":64,"column":64},"end":{"line":87,"column":3}},"line":64}},"branchMap":{"0":{"loc":{"start":{"line":25,"column":4},"end":{"line":27,"column":5}},"type":"if","locations":[{"start":{"line":25,"column":4},"end":{"line":27,"column":5}},{"start":{},"end":{}}],"line":25},"1":{"loc":{"start":{"line":25,"column":8},"end":{"line":25,"column":48}},"type":"binary-expr","locations":[{"start":{"line":25,"column":8},"end":{"line":25,"column":26}},{"start":{"line":25,"column":30},"end":{"line":25,"column":48}}],"line":25},"2":{"loc":{"start":{"line":34,"column":6},"end":{"line":44,"column":7}},"type":"if","locations":[{"start":{"line":34,"column":6},"end":{"line":44,"column":7}},{"start":{"line":42,"column":13},"end":{"line":44,"column":7}}],"line":34},"3":{"loc":{"start":{"line":53,"column":4},"end":{"line":53,"column":77}},"type":"if","locations":[{"start":{"line":53,"column":4},"end":{"line":53,"column":77}},{"start":{},"end":{}}],"line":53},"4":{"loc":{"start":{"line":54,"column":4},"end":{"line":54,"column":74}},"type":"if","locations":[{"start":{"line":54,"column":4},"end":{"line":54,"column":74}},{"start":{},"end":{}}],"line":54},"5":{"loc":{"start":{"line":55,"column":4},"end":{"line":55,"column":71}},"type":"if","locations":[{"start":{"line":55,"column":4},"end":{"line":55,"column":71}},{"start":{},"end":{}}],"line":55},"6":{"loc":{"start":{"line":56,"column":4},"end":{"line":56,"column":77}},"type":"if","locations":[{"start":{"line":56,"column":4},"end":{"line":56,"column":77}},{"start":{},"end":{}}],"line":56},"7":{"loc":{"start":{"line":57,"column":4},"end":{"line":57,"column":68}},"type":"if","locations":[{"start":{"line":57,"column":4},"end":{"line":57,"column":68}},{"start":{},"end":{}}],"line":57},"8":{"loc":{"start":{"line":58,"column":4},"end":{"line":58,"column":72}},"type":"if","locations":[{"start":{"line":58,"column":4},"end":{"line":58,"column":72}},{"start":{},"end":{}}],"line":58},"9":{"loc":{"start":{"line":66,"column":4},"end":{"line":86,"column":5}},"type":"if","locations":[{"start":{"line":66,"column":4},"end":{"line":86,"column":5}},{"start":{"line":84,"column":11},"end":{"line":86,"column":5}}],"line":66},"10":{"loc":{"start":{"line":104,"column":13},"end":{"line":104,"column":82}},"type":"binary-expr","locations":[{"start":{"line":104,"column":13},"end":{"line":104,"column":29}},{"start":{"line":104,"column":33},"end":{"line":104,"column":82}}],"line":104},"11":{"loc":{"start":{"line":116,"column":13},"end":{"line":116,"column":80}},"type":"binary-expr","locations":[{"start":{"line":116,"column":13},"end":{"line":116,"column":28}},{"start":{"line":116,"column":32},"end":{"line":116,"column":80}}],"line":116},"12":{"loc":{"start":{"line":139,"column":11},"end":{"line":139,"column":76}},"type":"binary-expr","locations":[{"start":{"line":139,"column":11},"end":{"line":139,"column":25}},{"start":{"line":139,"column":29},"end":{"line":139,"column":76}}],"line":139},"13":{"loc":{"start":{"line":161,"column":11},"end":{"line":161,"column":76}},"type":"binary-expr","locations":[{"start":{"line":161,"column":11},"end":{"line":161,"column":25}},{"start":{"line":161,"column":29},"end":{"line":161,"column":76}}],"line":161},"14":{"loc":{"start":{"line":173,"column":11},"end":{"line":173,"column":70}},"type":"binary-expr","locations":[{"start":{"line":173,"column":11},"end":{"line":173,"column":22}},{"start":{"line":173,"column":26},"end":{"line":173,"column":70}}],"line":173},"15":{"loc":{"start":{"line":205,"column":11},"end":{"line":205,"column":72}},"type":"binary-expr","locations":[{"start":{"line":205,"column":11},"end":{"line":205,"column":23}},{"start":{"line":205,"column":27},"end":{"line":205,"column":72}}],"line":205}},"s":{"0":0,"1":0,"2":0,"3":0,"4":0,"5":0,"6":0,"7":0,"8":0,"9":0,"10":0,"11":0,"12":0,"13":0,"14":0,"15":0,"16":0,"17":0,"18":0,"19":0,"20":0,"21":0,"22":0,"23":0,"24":0,"25":0,"26":0,"27":0,"28":0,"29":0,"30":0,"31":0,"32":0,"33":0,"34":0,"35":0,"36":0,"37":0,"38":0,"39":0,"40":0,"41":0},"f":{"0":0,"1":0,"2":0,"3":0,"4":0,"5":0},"b":{"0":[0,0],"1":[0,0],"2":[0,0],"3":[0,0],"4":[0,0],"5":[0,0],"6":[0,0],"7":[0,0],"8":[0,0],"9":[0,0],"10":[0,0],"11":[0,0],"12":[0,0],"13":[0,0],"14":[0,0],"15":[0,0]}}
,"C:\\Users\\lucia\\Downloads\\desafio3\\desafio3front\\src\\components\\CardProduct.tsx": {"path":"C:\\Users\\lucia\\Downloads\\desafio3\\desafio3front\\src\\components\\CardProduct.tsx","statementMap":{"0":{"start":{"line":12,"column":48},"end":{"line":69,"column":1}},"1":{"start":{"line":13,"column":19},"end":{"line":13,"column":32}},"2":{"start":{"line":14,"column":24},"end":{"line":14,"column":33}},"3":{"start":{"line":15,"column":36},"end":{"line":15,"column":51}},"4":{"start":{"line":17,"column":26},"end":{"line":19,"column":3}},"5":{"start":{"line":18,"column":4},"end":{"line":18,"column":43}},"6":{"start":{"line":21,"column":26},"end":{"line":24,"column":3}},"7":{"start":{"line":22,"column":4},"end":{"line":22,"column":28}},"8":{"start":{"line":23,"column":4},"end":{"line":23,"column":23}},"9":{"start":{"line":26,"column":2},"end":{"line":68,"column":4}},"10":{"start":{"line":30,"column":26},"end":{"line":30,"column":44}},"11":{"start":{"line":31,"column":26},"end":{"line":31,"column":45}}},"fnMap":{"0":{"name":"(anonymous_0)","decl":{"start":{"line":12,"column":48},"end":{"line":12,"column":49}},"loc":{"start":{"line":12,"column":65},"end":{"line":69,"column":1}},"line":12},"1":{"name":"(anonymous_1)","decl":{"start":{"line":17,"column":26},"end":{"line":17,"column":27}},"loc":{"start":{"line":17,"column":32},"end":{"line":19,"column":3}},"line":17},"2":{"name":"(anonymous_2)","decl":{"start":{"line":21,"column":26},"end":{"line":21,"column":27}},"loc":{"start":{"line":21,"column":55},"end":{"line":24,"column":3}},"line":21},"3":{"name":"(anonymous_3)","decl":{"start":{"line":30,"column":20},"end":{"line":30,"column":21}},"loc":{"start":{"line":30,"column":26},"end":{"line":30,"column":44}},"line":30},"4":{"name":"(anonymous_4)","decl":{"start":{"line":31,"column":20},"end":{"line":31,"column":21}},"loc":{"start":{"line":31,"column":26},"end":{"line":31,"column":45}},"line":31}},"branchMap":{"0":{"loc":{"start":{"line":35,"column":7},"end":{"line":41,"column":7}},"type":"binary-expr","locations":[{"start":{"line":35,"column":8},"end":{"line":35,"column":19}},{"start":{"line":35,"column":23},"end":{"line":35,"column":53}},{"start":{"line":36,"column":8},"end":{"line":40,"column":14}}],"line":35},"1":{"loc":{"start":{"line":37,"column":38},"end":{"line":37,"column":82}},"type":"cond-expr","locations":[{"start":{"line":37,"column":52},"end":{"line":37,"column":63}},{"start":{"line":37,"column":66},"end":{"line":37,"column":82}}],"line":37},"2":{"loc":{"start":{"line":39,"column":11},"end":{"line":39,"column":66}},"type":"cond-expr","locations":[{"start":{"line":39,"column":25},"end":{"line":39,"column":30}},{"start":{"line":39,"column":33},"end":{"line":39,"column":66}}],"line":39},"3":{"loc":{"start":{"line":49,"column":7},"end":{"line":66,"column":7}},"type":"binary-expr","locations":[{"start":{"line":49,"column":7},"end":{"line":49,"column":16}},{"start":{"line":50,"column":8},"end":{"line":65,"column":14}}],"line":49}},"s":{"0":0,"1":0,"2":0,"3":0,"4":0,"5":0,"6":0,"7":0,"8":0,"9":0,"10":0,"11":0},"f":{"0":0,"1":0,"2":0,"3":0,"4":0},"b":{"0":[0,0,0],"1":[0,0],"2":[0,0],"3":[0,0]}}
,"C:\\Users\\lucia\\Downloads\\desafio3\\desafio3front\\src\\components\\Carrossel.tsx": {"path":"C:\\Users\\lucia\\Downloads\\desafio3\\desafio3front\\src\\components\\Carrossel.tsx","statementMap":{"0":{"start":{"line":13,"column":44},"end":{"line":52,"column":1}},"1":{"start":{"line":14,"column":19},"end":{"line":14,"column":32}},"2":{"start":{"line":16,"column":29},"end":{"line":24,"column":3}},"3":{"start":{"line":26,"column":22},"end":{"line":28,"column":3}},"4":{"start":{"line":27,"column":4},"end":{"line":27,"column":22}},"5":{"start":{"line":30,"column":2},"end":{"line":51,"column":4}},"6":{"start":{"line":39,"column":10},"end":{"line":47,"column":16}},"7":{"start":{"line":60,"column":40},"end":{"line":68,"column":1}},"8":{"start":{"line":61,"column":2},"end":{"line":67,"column":4}},"9":{"start":{"line":70,"column":40},"end":{"line":78,"column":1}},"10":{"start":{"line":71,"column":2},"end":{"line":77,"column":4}}},"fnMap":{"0":{"name":"(anonymous_0)","decl":{"start":{"line":13,"column":44},"end":{"line":13,"column":45}},"loc":{"start":{"line":13,"column":58},"end":{"line":52,"column":1}},"line":13},"1":{"name":"(anonymous_1)","decl":{"start":{"line":26,"column":22},"end":{"line":26,"column":23}},"loc":{"start":{"line":26,"column":28},"end":{"line":28,"column":3}},"line":26},"2":{"name":"(anonymous_2)","decl":{"start":{"line":38,"column":18},"end":{"line":38,"column":19}},"loc":{"start":{"line":39,"column":10},"end":{"line":47,"column":16}},"line":39},"3":{"name":"(anonymous_3)","decl":{"start":{"line":60,"column":40},"end":{"line":60,"column":41}},"loc":{"start":{"line":60,"column":75},"end":{"line":68,"column":1}},"line":60},"4":{"name":"(anonymous_4)","decl":{"start":{"line":70,"column":40},"end":{"line":70,"column":41}},"loc":{"start":{"line":70,"column":75},"end":{"line":78,"column":1}},"line":70}},"branchMap":{},"s":{"0":0,"1":0,"2":0,"3":0,"4":0,"5":0,"6":0,"7":0,"8":0,"9":0,"10":0},"f":{"0":0,"1":0,"2":0,"3":0,"4":0},"b":{}}
,"C:\\Users\\lucia\\Downloads\\desafio3\\desafio3front\\src\\components\\CartModal.tsx": {"path":"C:\\Users\\lucia\\Downloads\\desafio3\\desafio3front\\src\\components\\CartModal.tsx","statementMap":{"0":{"start":{"line":14,"column":44},"end":{"line":83,"column":1}},"1":{"start":{"line":15,"column":29},"end":{"line":15,"column":38}},"2":{"start":{"line":16,"column":22},"end":{"line":16,"column":45}},"3":{"start":{"line":18,"column":2},"end":{"line":20,"column":3}},"4":{"start":{"line":19,"column":4},"end":{"line":19,"column":71}},"5":{"start":{"line":22,"column":28},"end":{"line":22,"column":39}},"6":{"start":{"line":23,"column":19},"end":{"line":23,"column":32}},"7":{"start":{"line":25,"column":2},"end":{"line":25,"column":30}},"8":{"start":{"line":25,"column":18},"end":{"line":25,"column":30}},"9":{"start":{"line":27,"column":25},"end":{"line":29,"column":3}},"10":{"start":{"line":28,"column":4},"end":{"line":28,"column":106}},"11":{"start":{"line":28,"column":41},"end":{"line":28,"column":90}},"12":{"start":{"line":31,"column":25},"end":{"line":39,"column":3}},"13":{"start":{"line":32,"column":4},"end":{"line":32,"column":43}},"14":{"start":{"line":33,"column":4},"end":{"line":33,"column":31}},"15":{"start":{"line":34,"column":4},"end":{"line":38,"column":5}},"16":{"start":{"line":35,"column":6},"end":{"line":35,"column":28}},"17":{"start":{"line":37,"column":6},"end":{"line":37,"column":25}},"18":{"start":{"line":41,"column":2},"end":{"line":43,"column":3}},"19":{"start":{"line":42,"column":4},"end":{"line":42,"column":33}},"20":{"start":{"line":45,"column":2},"end":{"line":82,"column":4}},"21":{"start":{"line":54,"column":12},"end":{"line":63,"column":18}},"22":{"start":{"line":60,"column":60},"end":{"line":60,"column":86}},"23":{"start":{"line":69,"column":62},"end":{"line":69,"column":79}},"24":{"start":{"line":75,"column":62},"end":{"line":75,"column":75}}},"fnMap":{"0":{"name":"(anonymous_0)","decl":{"start":{"line":14,"column":44},"end":{"line":14,"column":45}},"loc":{"start":{"line":14,"column":78},"end":{"line":83,"column":1}},"line":14},"1":{"name":"(anonymous_1)","decl":{"start":{"line":27,"column":25},"end":{"line":27,"column":26}},"loc":{"start":{"line":27,"column":31},"end":{"line":29,"column":3}},"line":27},"2":{"name":"(anonymous_2)","decl":{"start":{"line":28,"column":23},"end":{"line":28,"column":24}},"loc":{"start":{"line":28,"column":41},"end":{"line":28,"column":90}},"line":28},"3":{"name":"(anonymous_3)","decl":{"start":{"line":31,"column":25},"end":{"line":31,"column":26}},"loc":{"start":{"line":31,"column":31},"end":{"line":39,"column":3}},"line":31},"4":{"name":"(anonymous_4)","decl":{"start":{"line":53,"column":20},"end":{"line":53,"column":21}},"loc":{"start":{"line":54,"column":12},"end":{"line":63,"column":18}},"line":54},"5":{"name":"(anonymous_5)","decl":{"start":{"line":60,"column":54},"end":{"line":60,"column":55}},"loc":{"start":{"line":60,"column":60},"end":{"line":60,"column":86}},"line":60},"6":{"name":"(anonymous_6)","decl":{"start":{"line":69,"column":56},"end":{"line":69,"column":57}},"loc":{"start":{"line":69,"column":62},"end":{"line":69,"column":79}},"line":69},"7":{"name":"(anonymous_7)","decl":{"start":{"line":75,"column":56},"end":{"line":75,"column":57}},"loc":{"start":{"line":75,"column":62},"end":{"line":75,"column":75}},"line":75}},"branchMap":{"0":{"loc":{"start":{"line":18,"column":2},"end":{"line":20,"column":3}},"type":"if","locations":[{"start":{"line":18,"column":2},"end":{"line":20,"column":3}},{"start":{},"end":{}}],"line":18},"1":{"loc":{"start":{"line":25,"column":2},"end":{"line":25,"column":30}},"type":"if","locations":[{"start":{"line":25,"column":2},"end":{"line":25,"column":30}},{"start":{},"end":{}}],"line":25},"2":{"loc":{"start":{"line":28,"column":68},"end":{"line":28,"column":89}},"type":"binary-expr","locations":[{"start":{"line":28,"column":68},"end":{"line":28,"column":84}},{"start":{"line":28,"column":88},"end":{"line":28,"column":89}}],"line":28},"3":{"loc":{"start":{"line":34,"column":4},"end":{"line":38,"column":5}},"type":"if","locations":[{"start":{"line":34,"column":4},"end":{"line":38,"column":5}},{"start":{"line":36,"column":11},"end":{"line":38,"column":5}}],"line":34},"4":{"loc":{"start":{"line":41,"column":2},"end":{"line":43,"column":3}},"type":"if","locations":[{"start":{"line":41,"column":2},"end":{"line":43,"column":3}},{"start":{},"end":{}}],"line":41}},"s":{"0":0,"1":0,"2":0,"3":0,"4":0,"5":0,"6":0,"7":0,"8":0,"9":0,"10":0,"11":0,"12":0,"13":0,"14":0,"15":0,"16":0,"17":0,"18":0,"19":0,"20":0,"21":0,"22":0,"23":0,"24":0},"f":{"0":0,"1":0,"2":0,"3":0,"4":0,"5":0,"6":0,"7":0},"b":{"0":[0,0],"1":[0,0],"2":[0,0],"3":[0,0],"4":[0,0]}}
,"C:\\Users\\lucia\\Downloads\\desafio3\\desafio3front\\src\\components\\CategoriesArea.tsx": {"path":"C:\\Users\\lucia\\Downloads\\desafio3\\desafio3front\\src\\components\\CategoriesArea.tsx","statementMap":{"0":{"start":{"line":3,"column":23},"end":{"line":28,"column":1}},"1":{"start":{"line":4,"column":2},"end":{"line":27,"column":3}}},"fnMap":{"0":{"name":"(anonymous_0)","decl":{"start":{"line":3,"column":23},"end":{"line":3,"column":24}},"loc":{"start":{"line":3,"column":29},"end":{"line":28,"column":1}},"line":3}},"branchMap":{},"s":{"0":0,"1":0},"f":{"0":0},"b":{}}
,"C:\\Users\\lucia\\Downloads\\desafio3\\desafio3front\\src\\components\\DescriptionProduct.tsx": {"path":"C:\\Users\\lucia\\Downloads\\desafio3\\desafio3front\\src\\components\\DescriptionProduct.tsx","statementMap":{"0":{"start":{"line":9,"column":62},"end":{"line":26,"column":1}},"1":{"start":{"line":10,"column":2},"end":{"line":25,"column":4}},"2":{"start":{"line":21,"column":10},"end":{"line":21,"column":96}}},"fnMap":{"0":{"name":"(anonymous_0)","decl":{"start":{"line":9,"column":62},"end":{"line":9,"column":63}},"loc":{"start":{"line":9,"column":79},"end":{"line":26,"column":1}},"line":9},"1":{"name":"(anonymous_1)","decl":{"start":{"line":20,"column":48},"end":{"line":20,"column":49}},"loc":{"start":{"line":21,"column":10},"end":{"line":21,"column":96}},"line":21}},"branchMap":{},"s":{"0":0,"1":0,"2":0},"f":{"0":0,"1":0},"b":{}}
,"C:\\Users\\lucia\\Downloads\\desafio3\\desafio3front\\src\\components\\FilterShop.tsx": {"path":"C:\\Users\\lucia\\Downloads\\desafio3\\desafio3front\\src\\components\\FilterShop.tsx","statementMap":{"0":{"start":{"line":9,"column":46},"end":{"line":76,"column":1}},"1":{"start":{"line":10,"column":34},"end":{"line":10,"column":61}},"2":{"start":{"line":11,"column":48},"end":{"line":11,"column":68}},"3":{"start":{"line":12,"column":36},"end":{"line":12,"column":60}},"4":{"start":{"line":14,"column":31},"end":{"line":18,"column":3}},"5":{"start":{"line":15,"column":24},"end":{"line":15,"column":38}},"6":{"start":{"line":16,"column":4},"end":{"line":16,"column":29}},"7":{"start":{"line":17,"column":4},"end":{"line":17,"column":32}},"8":{"start":{"line":20,"column":38},"end":{"line":24,"column":3}},"9":{"start":{"line":21,"column":21},"end":{"line":21,"column":49}},"10":{"start":{"line":22,"column":4},"end":{"line":22,"column":33}},"11":{"start":{"line":23,"column":4},"end":{"line":23,"column":38}},"12":{"start":{"line":26,"column":2},"end":{"line":75,"column":4}},"13":{"start":{"line":33,"column":25},"end":{"line":33,"column":49}}},"fnMap":{"0":{"name":"(anonymous_0)","decl":{"start":{"line":9,"column":46},"end":{"line":9,"column":47}},"loc":{"start":{"line":9,"column":95},"end":{"line":76,"column":1}},"line":9},"1":{"name":"(anonymous_1)","decl":{"start":{"line":14,"column":31},"end":{"line":14,"column":32}},"loc":{"start":{"line":14,"column":76},"end":{"line":18,"column":3}},"line":14},"2":{"name":"(anonymous_2)","decl":{"start":{"line":20,"column":38},"end":{"line":20,"column":39}},"loc":{"start":{"line":20,"column":82},"end":{"line":24,"column":3}},"line":20},"3":{"name":"(anonymous_3)","decl":{"start":{"line":33,"column":19},"end":{"line":33,"column":20}},"loc":{"start":{"line":33,"column":25},"end":{"line":33,"column":49}},"line":33}},"branchMap":{"0":{"loc":{"start":{"line":42,"column":7},"end":{"line":55,"column":7}},"type":"binary-expr","locations":[{"start":{"line":42,"column":7},"end":{"line":42,"column":16}},{"start":{"line":43,"column":8},"end":{"line":54,"column":14}}],"line":42}},"s":{"0":0,"1":0,"2":0,"3":0,"4":0,"5":0,"6":0,"7":0,"8":0,"9":0,"10":0,"11":0,"12":0,"13":0},"f":{"0":0,"1":0,"2":0,"3":0},"b":{"0":[0,0]}}
,"C:\\Users\\lucia\\Downloads\\desafio3\\desafio3front\\src\\components\\Footer.tsx": {"path":"C:\\Users\\lucia\\Downloads\\desafio3\\desafio3front\\src\\components\\Footer.tsx","statementMap":{"0":{"start":{"line":5,"column":15},"end":{"line":59,"column":1}},"1":{"start":{"line":6,"column":2},"end":{"line":58,"column":4}}},"fnMap":{"0":{"name":"(anonymous_0)","decl":{"start":{"line":5,"column":15},"end":{"line":5,"column":16}},"loc":{"start":{"line":5,"column":21},"end":{"line":59,"column":1}},"line":5}},"branchMap":{},"s":{"0":0,"1":0},"f":{"0":0},"b":{}}
,"C:\\Users\\lucia\\Downloads\\desafio3\\desafio3front\\src\\components\\FurtureHome.tsx": {"path":"C:\\Users\\lucia\\Downloads\\desafio3\\desafio3front\\src\\components\\FurtureHome.tsx","statementMap":{"0":{"start":{"line":3,"column":20},"end":{"line":15,"column":1}},"1":{"start":{"line":4,"column":2},"end":{"line":14,"column":3}}},"fnMap":{"0":{"name":"(anonymous_0)","decl":{"start":{"line":3,"column":20},"end":{"line":3,"column":21}},"loc":{"start":{"line":3,"column":26},"end":{"line":15,"column":1}},"line":3}},"branchMap":{},"s":{"0":0,"1":0},"f":{"0":0},"b":{}}
,"C:\\Users\\lucia\\Downloads\\desafio3\\desafio3front\\src\\components\\Header.tsx": {"path":"C:\\Users\\lucia\\Downloads\\desafio3\\desafio3front\\src\\components\\Header.tsx","statementMap":{"0":{"start":{"line":11,"column":25},"end":{"line":91,"column":1}},"1":{"start":{"line":12,"column":42},"end":{"line":12,"column":57}},"2":{"start":{"line":13,"column":50},"end":{"line":13,"column":65}},"3":{"start":{"line":14,"column":19},"end":{"line":14,"column":28}},"4":{"start":{"line":15,"column":17},"end":{"line":15,"column":35}},"5":{"start":{"line":17,"column":27},"end":{"line":19,"column":3}},"6":{"start":{"line":18,"column":4},"end":{"line":18,"column":25}},"7":{"start":{"line":21,"column":27},"end":{"line":23,"column":3}},"8":{"start":{"line":22,"column":4},"end":{"line":22,"column":26}},"9":{"start":{"line":25,"column":23},"end":{"line":31,"column":3}},"10":{"start":{"line":26,"column":4},"end":{"line":30,"column":5}},"11":{"start":{"line":27,"column":6},"end":{"line":27,"column":26}},"12":{"start":{"line":29,"column":6},"end":{"line":29,"column":49}},"13":{"start":{"line":33,"column":25},"end":{"line":35,"column":3}},"14":{"start":{"line":34,"column":4},"end":{"line":34,"column":43}},"15":{"start":{"line":37,"column":2},"end":{"line":90,"column":4}},"16":{"start":{"line":64,"column":32},"end":{"line":64,"column":56}},"17":{"start":{"line":65,"column":32},"end":{"line":65,"column":57}},"18":{"start":{"line":82,"column":71},"end":{"line":82,"column":92}},"19":{"start":{"line":85,"column":76},"end":{"line":85,"column":97}}},"fnMap":{"0":{"name":"(anonymous_0)","decl":{"start":{"line":11,"column":25},"end":{"line":11,"column":26}},"loc":{"start":{"line":11,"column":31},"end":{"line":91,"column":1}},"line":11},"1":{"name":"(anonymous_1)","decl":{"start":{"line":17,"column":27},"end":{"line":17,"column":28}},"loc":{"start":{"line":17,"column":33},"end":{"line":19,"column":3}},"line":17},"2":{"name":"(anonymous_2)","decl":{"start":{"line":21,"column":27},"end":{"line":21,"column":28}},"loc":{"start":{"line":21,"column":33},"end":{"line":23,"column":3}},"line":21},"3":{"name":"(anonymous_3)","decl":{"start":{"line":25,"column":23},"end":{"line":25,"column":24}},"loc":{"start":{"line":25,"column":35},"end":{"line":31,"column":3}},"line":25},"4":{"name":"(anonymous_4)","decl":{"start":{"line":33,"column":25},"end":{"line":33,"column":26}},"loc":{"start":{"line":33,"column":31},"end":{"line":35,"column":3}},"line":33},"5":{"name":"(anonymous_5)","decl":{"start":{"line":64,"column":26},"end":{"line":64,"column":27}},"loc":{"start":{"line":64,"column":32},"end":{"line":64,"column":56}},"line":64},"6":{"name":"(anonymous_6)","decl":{"start":{"line":65,"column":26},"end":{"line":65,"column":27}},"loc":{"start":{"line":65,"column":32},"end":{"line":65,"column":57}},"line":65},"7":{"name":"(anonymous_7)","decl":{"start":{"line":82,"column":65},"end":{"line":82,"column":66}},"loc":{"start":{"line":82,"column":71},"end":{"line":82,"column":92}},"line":82},"8":{"name":"(anonymous_8)","decl":{"start":{"line":85,"column":70},"end":{"line":85,"column":71}},"loc":{"start":{"line":85,"column":76},"end":{"line":85,"column":97}},"line":85}},"branchMap":{"0":{"loc":{"start":{"line":68,"column":45},"end":{"line":68,"column":79}},"type":"cond-expr","locations":[{"start":{"line":68,"column":65},"end":{"line":68,"column":74}},{"start":{"line":68,"column":77},"end":{"line":68,"column":79}}],"line":68},"1":{"loc":{"start":{"line":69,"column":15},"end":{"line":73,"column":15}},"type":"cond-expr","locations":[{"start":{"line":70,"column":16},"end":{"line":70,"column":88}},{"start":{"line":72,"column":16},"end":{"line":72,"column":72}}],"line":69}},"s":{"0":0,"1":0,"2":0,"3":0,"4":0,"5":0,"6":0,"7":0,"8":0,"9":0,"10":0,"11":0,"12":0,"13":0,"14":0,"15":0,"16":0,"17":0,"18":0,"19":0},"f":{"0":0,"1":0,"2":0,"3":0,"4":0,"5":0,"6":0,"7":0,"8":0},"b":{"0":[0,0],"1":[0,0]}}
,"C:\\Users\\lucia\\Downloads\\desafio3\\desafio3front\\src\\components\\Hero.tsx": {"path":"C:\\Users\\lucia\\Downloads\\desafio3\\desafio3front\\src\\components\\Hero.tsx","statementMap":{"0":{"start":{"line":3,"column":13},"end":{"line":17,"column":1}},"1":{"start":{"line":4,"column":2},"end":{"line":16,"column":4}}},"fnMap":{"0":{"name":"(anonymous_0)","decl":{"start":{"line":3,"column":13},"end":{"line":3,"column":14}},"loc":{"start":{"line":3,"column":19},"end":{"line":17,"column":1}},"line":3}},"branchMap":{},"s":{"0":1,"1":6},"f":{"0":6},"b":{},"_coverageSchema":"1a1c01bbd47fc00a2c39e90264f33305004495a9","hash":"2e959b34a807e4ca69ee60ad5b0ecbe706e1097e"}
,"C:\\Users\\lucia\\Downloads\\desafio3\\desafio3front\\src\\components\\NavigateProduct.tsx": {"path":"C:\\Users\\lucia\\Downloads\\desafio3\\desafio3front\\src\\components\\NavigateProduct.tsx","statementMap":{"0":{"start":{"line":9,"column":56},"end":{"line":19,"column":1}},"1":{"start":{"line":10,"column":2},"end":{"line":18,"column":4}}},"fnMap":{"0":{"name":"(anonymous_0)","decl":{"start":{"line":9,"column":56},"end":{"line":9,"column":57}},"loc":{"start":{"line":9,"column":77},"end":{"line":19,"column":1}},"line":9}},"branchMap":{},"s":{"0":0,"1":0},"f":{"0":0},"b":{}}
,"C:\\Users\\lucia\\Downloads\\desafio3\\desafio3front\\src\\components\\OrderPayment.tsx": {"path":"C:\\Users\\lucia\\Downloads\\desafio3\\desafio3front\\src\\components\\OrderPayment.tsx","statementMap":{"0":{"start":{"line":1,"column":21},"end":{"line":46,"column":1}},"1":{"start":{"line":2,"column":2},"end":{"line":45,"column":4}}},"fnMap":{"0":{"name":"(anonymous_0)","decl":{"start":{"line":1,"column":21},"end":{"line":1,"column":22}},"loc":{"start":{"line":1,"column":27},"end":{"line":46,"column":1}},"line":1}},"branchMap":{},"s":{"0":0,"1":0},"f":{"0":0},"b":{}}
,"C:\\Users\\lucia\\Downloads\\desafio3\\desafio3front\\src\\components\\OurProducts.tsx": {"path":"C:\\Users\\lucia\\Downloads\\desafio3\\desafio3front\\src\\components\\OurProducts.tsx","statementMap":{"0":{"start":{"line":8,"column":30},"end":{"line":30,"column":1}},"1":{"start":{"line":9,"column":34},"end":{"line":9,"column":57}},"2":{"start":{"line":11,"column":2},"end":{"line":15,"column":9}},"3":{"start":{"line":12,"column":4},"end":{"line":14,"column":7}},"4":{"start":{"line":13,"column":6},"end":{"line":13,"column":33}},"5":{"start":{"line":17,"column":2},"end":{"line":29,"column":4}},"6":{"start":{"line":22,"column":10},"end":{"line":22,"column":60}}},"fnMap":{"0":{"name":"(anonymous_0)","decl":{"start":{"line":8,"column":30},"end":{"line":8,"column":31}},"loc":{"start":{"line":8,"column":36},"end":{"line":30,"column":1}},"line":8},"1":{"name":"(anonymous_1)","decl":{"start":{"line":11,"column":12},"end":{"line":11,"column":13}},"loc":{"start":{"line":11,"column":18},"end":{"line":15,"column":3}},"line":11},"2":{"name":"(anonymous_2)","decl":{"start":{"line":12,"column":23},"end":{"line":12,"column":24}},"loc":{"start":{"line":12,"column":37},"end":{"line":14,"column":5}},"line":12},"3":{"name":"(anonymous_3)","decl":{"start":{"line":21,"column":34},"end":{"line":21,"column":35}},"loc":{"start":{"line":22,"column":10},"end":{"line":22,"column":60}},"line":22}},"branchMap":{},"s":{"0":0,"1":0,"2":0,"3":0,"4":0,"5":0,"6":0},"f":{"0":0,"1":0,"2":0,"3":0},"b":{}}
,"C:\\Users\\lucia\\Downloads\\desafio3\\desafio3front\\src\\components\\ProductArea.tsx": {"path":"C:\\Users\\lucia\\Downloads\\desafio3\\desafio3front\\src\\components\\ProductArea.tsx","statementMap":{"0":{"start":{"line":10,"column":48},"end":{"line":106,"column":1}},"1":{"start":{"line":11,"column":24},"end":{"line":11,"column":33}},"2":{"start":{"line":12,"column":34},"end":{"line":12,"column":53}},"3":{"start":{"line":14,"column":25},"end":{"line":18,"column":3}},"4":{"start":{"line":15,"column":4},"end":{"line":17,"column":5}},"5":{"start":{"line":16,"column":6},"end":{"line":16,"column":32}},"6":{"start":{"line":20,"column":25},"end":{"line":22,"column":3}},"7":{"start":{"line":21,"column":4},"end":{"line":21,"column":30}},"8":{"start":{"line":24,"column":26},"end":{"line":28,"column":3}},"9":{"start":{"line":25,"column":25},"end":{"line":25,"column":49}},"10":{"start":{"line":26,"column":4},"end":{"line":26,"column":28}},"11":{"start":{"line":27,"column":4},"end":{"line":27,"column":70}},"12":{"start":{"line":30,"column":2},"end":{"line":105,"column":4}},"13":{"start":{"line":35,"column":12},"end":{"line":35,"column":97}},"14":{"start":{"line":53,"column":12},"end":{"line":53,"column":68}},"15":{"start":{"line":59,"column":12},"end":{"line":63,"column":22}}},"fnMap":{"0":{"name":"(anonymous_0)","decl":{"start":{"line":10,"column":48},"end":{"line":10,"column":49}},"loc":{"start":{"line":10,"column":65},"end":{"line":106,"column":1}},"line":10},"1":{"name":"(anonymous_1)","decl":{"start":{"line":14,"column":25},"end":{"line":14,"column":26}},"loc":{"start":{"line":14,"column":31},"end":{"line":18,"column":3}},"line":14},"2":{"name":"(anonymous_2)","decl":{"start":{"line":20,"column":25},"end":{"line":20,"column":26}},"loc":{"start":{"line":20,"column":31},"end":{"line":22,"column":3}},"line":20},"3":{"name":"(anonymous_3)","decl":{"start":{"line":24,"column":26},"end":{"line":24,"column":27}},"loc":{"start":{"line":24,"column":32},"end":{"line":28,"column":3}},"line":24},"4":{"name":"(anonymous_4)","decl":{"start":{"line":34,"column":38},"end":{"line":34,"column":39}},"loc":{"start":{"line":35,"column":12},"end":{"line":35,"column":97}},"line":35},"5":{"name":"(anonymous_5)","decl":{"start":{"line":52,"column":29},"end":{"line":52,"column":30}},"loc":{"start":{"line":53,"column":12},"end":{"line":53,"column":68}},"line":53},"6":{"name":"(anonymous_6)","decl":{"start":{"line":58,"column":30},"end":{"line":58,"column":31}},"loc":{"start":{"line":59,"column":12},"end":{"line":63,"column":22}},"line":59}},"branchMap":{"0":{"loc":{"start":{"line":15,"column":4},"end":{"line":17,"column":5}},"type":"if","locations":[{"start":{"line":15,"column":4},"end":{"line":17,"column":5}},{"start":{},"end":{}}],"line":15}},"s":{"0":0,"1":0,"2":0,"3":0,"4":0,"5":0,"6":0,"7":0,"8":0,"9":0,"10":0,"11":0,"12":0,"13":0,"14":0,"15":0},"f":{"0":0,"1":0,"2":0,"3":0,"4":0,"5":0,"6":0},"b":{"0":[0,0]}}
,"C:\\Users\\lucia\\Downloads\\desafio3\\desafio3front\\src\\components\\RelatedProduct.tsx": {"path":"C:\\Users\\lucia\\Downloads\\desafio3\\desafio3front\\src\\components\\RelatedProduct.tsx","statementMap":{"0":{"start":{"line":12,"column":54},"end":{"line":45,"column":1}},"1":{"start":{"line":13,"column":48},"end":{"line":13,"column":71}},"2":{"start":{"line":15,"column":2},"end":{"line":30,"column":16}},"3":{"start":{"line":16,"column":33},"end":{"line":27,"column":5}},"4":{"start":{"line":17,"column":23},"end":{"line":17,"column":72}},"5":{"start":{"line":18,"column":37},"end":{"line":18,"column":50}},"6":{"start":{"line":20,"column":22},"end":{"line":24,"column":19}},"7":{"start":{"line":22,"column":10},"end":{"line":23,"column":95}},"8":{"start":{"line":23,"column":67},"end":{"line":23,"column":93}},"9":{"start":{"line":26,"column":6},"end":{"line":26,"column":34}},"10":{"start":{"line":29,"column":4},"end":{"line":29,"column":27}},"11":{"start":{"line":32,"column":2},"end":{"line":44,"column":4}},"12":{"start":{"line":37,"column":10},"end":{"line":37,"column":74}}},"fnMap":{"0":{"name":"(anonymous_0)","decl":{"start":{"line":12,"column":54},"end":{"line":12,"column":55}},"loc":{"start":{"line":12,"column":71},"end":{"line":45,"column":1}},"line":12},"1":{"name":"(anonymous_1)","decl":{"start":{"line":15,"column":12},"end":{"line":15,"column":13}},"loc":{"start":{"line":15,"column":18},"end":{"line":30,"column":3}},"line":15},"2":{"name":"(anonymous_2)","decl":{"start":{"line":16,"column":33},"end":{"line":16,"column":34}},"loc":{"start":{"line":16,"column":45},"end":{"line":27,"column":5}},"line":16},"3":{"name":"(anonymous_3)","decl":{"start":{"line":21,"column":8},"end":{"line":21,"column":9}},"loc":{"start":{"line":22,"column":10},"end":{"line":23,"column":95}},"line":22},"4":{"name":"(anonymous_4)","decl":{"start":{"line":23,"column":58},"end":{"line":23,"column":59}},"loc":{"start":{"line":23,"column":67},"end":{"line":23,"column":93}},"line":23},"5":{"name":"(anonymous_5)","decl":{"start":{"line":36,"column":29},"end":{"line":36,"column":30}},"loc":{"start":{"line":37,"column":10},"end":{"line":37,"column":74}},"line":37}},"branchMap":{"0":{"loc":{"start":{"line":22,"column":10},"end":{"line":23,"column":95}},"type":"binary-expr","locations":[{"start":{"line":22,"column":10},"end":{"line":22,"column":29}},{"start":{"line":23,"column":11},"end":{"line":23,"column":42}},{"start":{"line":23,"column":46},"end":{"line":23,"column":94}}],"line":22}},"s":{"0":0,"1":0,"2":0,"3":0,"4":0,"5":0,"6":0,"7":0,"8":0,"9":0,"10":0,"11":0,"12":0},"f":{"0":0,"1":0,"2":0,"3":0,"4":0,"5":0},"b":{"0":[0,0,0]}}
,"C:\\Users\\lucia\\Downloads\\desafio3\\desafio3front\\src\\components\\SectionCart.tsx": {"path":"C:\\Users\\lucia\\Downloads\\desafio3\\desafio3front\\src\\components\\SectionCart.tsx","statementMap":{"0":{"start":{"line":7,"column":30},"end":{"line":95,"column":1}},"1":{"start":{"line":8,"column":28},"end":{"line":8,"column":37}},"2":{"start":{"line":9,"column":22},"end":{"line":9,"column":45}},"3":{"start":{"line":10,"column":19},"end":{"line":10,"column":32}},"4":{"start":{"line":12,"column":2},"end":{"line":14,"column":3}},"5":{"start":{"line":13,"column":4},"end":{"line":13,"column":67}},"6":{"start":{"line":16,"column":28},"end":{"line":16,"column":39}},"7":{"start":{"line":18,"column":25},"end":{"line":22,"column":3}},"8":{"start":{"line":19,"column":4},"end":{"line":21,"column":7}},"9":{"start":{"line":20,"column":6},"end":{"line":20,"column":109}},"10":{"start":{"line":24,"column":25},"end":{"line":28,"column":3}},"11":{"start":{"line":25,"column":4},"end":{"line":27,"column":7}},"12":{"start":{"line":26,"column":6},"end":{"line":26,"column":96}},"13":{"start":{"line":30,"column":23},"end":{"line":32,"column":3}},"14":{"start":{"line":31,"column":4},"end":{"line":31,"column":62}},"15":{"start":{"line":31,"column":35},"end":{"line":31,"column":59}},"16":{"start":{"line":34,"column":25},"end":{"line":36,"column":3}},"17":{"start":{"line":35,"column":4},"end":{"line":35,"column":110}},"18":{"start":{"line":35,"column":43},"end":{"line":35,"column":94}},"19":{"start":{"line":38,"column":25},"end":{"line":44,"column":3}},"20":{"start":{"line":39,"column":4},"end":{"line":43,"column":5}},"21":{"start":{"line":40,"column":6},"end":{"line":40,"column":28}},"22":{"start":{"line":42,"column":6},"end":{"line":42,"column":25}},"23":{"start":{"line":46,"column":2},"end":{"line":48,"column":3}},"24":{"start":{"line":47,"column":4},"end":{"line":47,"column":33}},"25":{"start":{"line":50,"column":2},"end":{"line":94,"column":4}},"26":{"start":{"line":62,"column":12},"end":{"line":75,"column":18}},"27":{"start":{"line":67,"column":64},"end":{"line":67,"column":90}},"28":{"start":{"line":69,"column":64},"end":{"line":69,"column":90}},"29":{"start":{"line":72,"column":53},"end":{"line":72,"column":77}}},"fnMap":{"0":{"name":"(anonymous_0)","decl":{"start":{"line":7,"column":30},"end":{"line":7,"column":31}},"loc":{"start":{"line":7,"column":36},"end":{"line":95,"column":1}},"line":7},"1":{"name":"(anonymous_1)","decl":{"start":{"line":18,"column":25},"end":{"line":18,"column":26}},"loc":{"start":{"line":18,"column":48},"end":{"line":22,"column":3}},"line":18},"2":{"name":"(anonymous_2)","decl":{"start":{"line":19,"column":21},"end":{"line":19,"column":22}},"loc":{"start":{"line":20,"column":6},"end":{"line":20,"column":109}},"line":20},"3":{"name":"(anonymous_3)","decl":{"start":{"line":24,"column":25},"end":{"line":24,"column":26}},"loc":{"start":{"line":24,"column":48},"end":{"line":28,"column":3}},"line":24},"4":{"name":"(anonymous_4)","decl":{"start":{"line":25,"column":21},"end":{"line":25,"column":22}},"loc":{"start":{"line":26,"column":6},"end":{"line":26,"column":96}},"line":26},"5":{"name":"(anonymous_5)","decl":{"start":{"line":30,"column":23},"end":{"line":30,"column":24}},"loc":{"start":{"line":30,"column":46},"end":{"line":32,"column":3}},"line":30},"6":{"name":"(anonymous_6)","decl":{"start":{"line":31,"column":24},"end":{"line":31,"column":25}},"loc":{"start":{"line":31,"column":35},"end":{"line":31,"column":59}},"line":31},"7":{"name":"(anonymous_7)","decl":{"start":{"line":34,"column":25},"end":{"line":34,"column":26}},"loc":{"start":{"line":34,"column":31},"end":{"line":36,"column":3}},"line":34},"8":{"name":"(anonymous_8)","decl":{"start":{"line":35,"column":23},"end":{"line":35,"column":24}},"loc":{"start":{"line":35,"column":43},"end":{"line":35,"column":94}},"line":35},"9":{"name":"(anonymous_9)","decl":{"start":{"line":38,"column":25},"end":{"line":38,"column":26}},"loc":{"start":{"line":38,"column":31},"end":{"line":44,"column":3}},"line":38},"10":{"name":"(anonymous_10)","decl":{"start":{"line":61,"column":20},"end":{"line":61,"column":21}},"loc":{"start":{"line":62,"column":12},"end":{"line":75,"column":18}},"line":62},"11":{"name":"(anonymous_11)","decl":{"start":{"line":67,"column":58},"end":{"line":67,"column":59}},"loc":{"start":{"line":67,"column":64},"end":{"line":67,"column":90}},"line":67},"12":{"name":"(anonymous_12)","decl":{"start":{"line":69,"column":58},"end":{"line":69,"column":59}},"loc":{"start":{"line":69,"column":64},"end":{"line":69,"column":90}},"line":69},"13":{"name":"(anonymous_13)","decl":{"start":{"line":72,"column":47},"end":{"line":72,"column":48}},"loc":{"start":{"line":72,"column":53},"end":{"line":72,"column":77}},"line":72}},"branchMap":{"0":{"loc":{"start":{"line":12,"column":2},"end":{"line":14,"column":3}},"type":"if","locations":[{"start":{"line":12,"column":2},"end":{"line":14,"column":3}},{"start":{},"end":{}}],"line":12},"1":{"loc":{"start":{"line":20,"column":6},"end":{"line":20,"column":109}},"type":"cond-expr","locations":[{"start":{"line":20,"column":33},"end":{"line":20,"column":99}},{"start":{"line":20,"column":102},"end":{"line":20,"column":109}}],"line":20},"2":{"loc":{"start":{"line":20,"column":67},"end":{"line":20,"column":88}},"type":"binary-expr","locations":[{"start":{"line":20,"column":67},"end":{"line":20,"column":83}},{"start":{"line":20,"column":87},"end":{"line":20,"column":88}}],"line":20},"3":{"loc":{"start":{"line":26,"column":6},"end":{"line":26,"column":96}},"type":"cond-expr","locations":[{"start":{"line":26,"column":33},"end":{"line":26,"column":86}},{"start":{"line":26,"column":89},"end":{"line":26,"column":96}}],"line":26},"4":{"loc":{"start":{"line":26,"column":58},"end":{"line":26,"column":79}},"type":"binary-expr","locations":[{"start":{"line":26,"column":58},"end":{"line":26,"column":74}},{"start":{"line":26,"column":78},"end":{"line":26,"column":79}}],"line":26},"5":{"loc":{"start":{"line":35,"column":72},"end":{"line":35,"column":93}},"type":"binary-expr","locations":[{"start":{"line":35,"column":72},"end":{"line":35,"column":88}},{"start":{"line":35,"column":92},"end":{"line":35,"column":93}}],"line":35},"6":{"loc":{"start":{"line":39,"column":4},"end":{"line":43,"column":5}},"type":"if","locations":[{"start":{"line":39,"column":4},"end":{"line":43,"column":5}},{"start":{"line":41,"column":11},"end":{"line":43,"column":5}}],"line":39},"7":{"loc":{"start":{"line":46,"column":2},"end":{"line":48,"column":3}},"type":"if","locations":[{"start":{"line":46,"column":2},"end":{"line":48,"column":3}},{"start":{},"end":{}}],"line":46},"8":{"loc":{"start":{"line":71,"column":76},"end":{"line":71,"column":97}},"type":"binary-expr","locations":[{"start":{"line":71,"column":76},"end":{"line":71,"column":92}},{"start":{"line":71,"column":96},"end":{"line":71,"column":97}}],"line":71}},"s":{"0":0,"1":0,"2":0,"3":0,"4":0,"5":0,"6":0,"7":0,"8":0,"9":0,"10":0,"11":0,"12":0,"13":0,"14":0,"15":0,"16":0,"17":0,"18":0,"19":0,"20":0,"21":0,"22":0,"23":0,"24":0,"25":0,"26":0,"27":0,"28":0,"29":0},"f":{"0":0,"1":0,"2":0,"3":0,"4":0,"5":0,"6":0,"7":0,"8":0,"9":0,"10":0,"11":0,"12":0,"13":0},"b":{"0":[0,0],"1":[0,0],"2":[0,0],"3":[0,0],"4":[0,0],"5":[0,0],"6":[0,0],"7":[0,0],"8":[0,0]}}
,"C:\\Users\\lucia\\Downloads\\desafio3\\desafio3front\\src\\components\\SectionCheckout.tsx": {"path":"C:\\Users\\lucia\\Downloads\\desafio3\\desafio3front\\src\\components\\SectionCheckout.tsx","statementMap":{"0":{"start":{"line":5,"column":24},"end":{"line":12,"column":1}},"1":{"start":{"line":6,"column":2},"end":{"line":11,"column":4}}},"fnMap":{"0":{"name":"(anonymous_0)","decl":{"start":{"line":5,"column":24},"end":{"line":5,"column":25}},"loc":{"start":{"line":5,"column":30},"end":{"line":12,"column":1}},"line":5}},"branchMap":{},"s":{"0":0,"1":0},"f":{"0":0},"b":{}}
,"C:\\Users\\lucia\\Downloads\\desafio3\\desafio3front\\src\\components\\SectionContact.tsx": {"path":"C:\\Users\\lucia\\Downloads\\desafio3\\desafio3front\\src\\components\\SectionContact.tsx","statementMap":{"0":{"start":{"line":5,"column":23},"end":{"line":125,"column":1}},"1":{"start":{"line":6,"column":34},"end":{"line":11,"column":4}},"2":{"start":{"line":13,"column":30},"end":{"line":13,"column":69}},"3":{"start":{"line":15,"column":28},"end":{"line":18,"column":3}},"4":{"start":{"line":16,"column":28},"end":{"line":16,"column":36}},"5":{"start":{"line":17,"column":4},"end":{"line":17,"column":48}},"6":{"start":{"line":20,"column":23},"end":{"line":28,"column":3}},"7":{"start":{"line":21,"column":50},"end":{"line":21,"column":52}},"8":{"start":{"line":22,"column":4},"end":{"line":22,"column":61}},"9":{"start":{"line":22,"column":24},"end":{"line":22,"column":61}},"10":{"start":{"line":23,"column":4},"end":{"line":23,"column":64}},"11":{"start":{"line":23,"column":25},"end":{"line":23,"column":64}},"12":{"start":{"line":24,"column":4},"end":{"line":24,"column":70}},"13":{"start":{"line":24,"column":27},"end":{"line":24,"column":70}},"14":{"start":{"line":26,"column":4},"end":{"line":26,"column":26}},"15":{"start":{"line":27,"column":4},"end":{"line":27,"column":48}},"16":{"start":{"line":30,"column":23},"end":{"line":46,"column":3}},"17":{"start":{"line":31,"column":4},"end":{"line":31,"column":23}},"18":{"start":{"line":32,"column":4},"end":{"line":45,"column":5}},"19":{"start":{"line":33,"column":6},"end":{"line":33,"column":52}},"20":{"start":{"line":35,"column":6},"end":{"line":40,"column":9}},"21":{"start":{"line":42,"column":6},"end":{"line":42,"column":44}},"22":{"start":{"line":44,"column":8},"end":{"line":44,"column":54}},"23":{"start":{"line":48,"column":2},"end":{"line":124,"column":4}}},"fnMap":{"0":{"name":"(anonymous_0)","decl":{"start":{"line":5,"column":23},"end":{"line":5,"column":24}},"loc":{"start":{"line":5,"column":29},"end":{"line":125,"column":1}},"line":5},"1":{"name":"(anonymous_1)","decl":{"start":{"line":15,"column":28},"end":{"line":15,"column":29}},"loc":{"start":{"line":15,"column":94},"end":{"line":18,"column":3}},"line":15},"2":{"name":"(anonymous_2)","decl":{"start":{"line":20,"column":23},"end":{"line":20,"column":24}},"loc":{"start":{"line":20,"column":29},"end":{"line":28,"column":3}},"line":20},"3":{"name":"(anonymous_3)","decl":{"start":{"line":30,"column":23},"end":{"line":30,"column":24}},"loc":{"start":{"line":30,"column":64},"end":{"line":46,"column":3}},"line":30}},"branchMap":{"0":{"loc":{"start":{"line":22,"column":4},"end":{"line":22,"column":61}},"type":"if","locations":[{"start":{"line":22,"column":4},"end":{"line":22,"column":61}},{"start":{},"end":{}}],"line":22},"1":{"loc":{"start":{"line":23,"column":4},"end":{"line":23,"column":64}},"type":"if","locations":[{"start":{"line":23,"column":4},"end":{"line":23,"column":64}},{"start":{},"end":{}}],"line":23},"2":{"loc":{"start":{"line":24,"column":4},"end":{"line":24,"column":70}},"type":"if","locations":[{"start":{"line":24,"column":4},"end":{"line":24,"column":70}},{"start":{},"end":{}}],"line":24},"3":{"loc":{"start":{"line":32,"column":4},"end":{"line":45,"column":5}},"type":"if","locations":[{"start":{"line":32,"column":4},"end":{"line":45,"column":5}},{"start":{"line":43,"column":13},"end":{"line":45,"column":5}}],"line":32},"4":{"loc":{"start":{"line":83,"column":15},"end":{"line":83,"column":74}},"type":"binary-expr","locations":[{"start":{"line":83,"column":15},"end":{"line":83,"column":26}},{"start":{"line":83,"column":30},"end":{"line":83,"column":74}}],"line":83},"5":{"loc":{"start":{"line":95,"column":15},"end":{"line":95,"column":76}},"type":"binary-expr","locations":[{"start":{"line":95,"column":15},"end":{"line":95,"column":27}},{"start":{"line":95,"column":31},"end":{"line":95,"column":76}}],"line":95},"6":{"loc":{"start":{"line":117,"column":15},"end":{"line":117,"column":80}},"type":"binary-expr","locations":[{"start":{"line":117,"column":15},"end":{"line":117,"column":29}},{"start":{"line":117,"column":33},"end":{"line":117,"column":80}}],"line":117}},"s":{"0":0,"1":0,"2":0,"3":0,"4":0,"5":0,"6":0,"7":0,"8":0,"9":0,"10":0,"11":0,"12":0,"13":0,"14":0,"15":0,"16":0,"17":0,"18":0,"19":0,"20":0,"21":0,"22":0,"23":0},"f":{"0":0,"1":0,"2":0,"3":0},"b":{"0":[0,0],"1":[0,0],"2":[0,0],"3":[0,0],"4":[0,0],"5":[0,0],"6":[0,0]}}
,"C:\\Users\\lucia\\Downloads\\desafio3\\desafio3front\\src\\components\\SectionHome.tsx": {"path":"C:\\Users\\lucia\\Downloads\\desafio3\\desafio3front\\src\\components\\SectionHome.tsx","statementMap":{"0":{"start":{"line":11,"column":30},"end":{"line":34,"column":1}},"1":{"start":{"line":12,"column":34},"end":{"line":12,"column":57}},"2":{"start":{"line":14,"column":2},"end":{"line":24,"column":9}},"3":{"start":{"line":15,"column":4},"end":{"line":23,"column":9}},"4":{"start":{"line":17,"column":8},"end":{"line":17,"column":53}},"5":{"start":{"line":18,"column":33},"end":{"line":18,"column":90}},"6":{"start":{"line":18,"column":58},"end":{"line":18,"column":77}},"7":{"start":{"line":19,"column":8},"end":{"line":19,"column":38}},"8":{"start":{"line":22,"column":8},"end":{"line":22,"column":54}},"9":{"start":{"line":26,"column":2},"end":{"line":33,"column":4}}},"fnMap":{"0":{"name":"(anonymous_0)","decl":{"start":{"line":11,"column":30},"end":{"line":11,"column":31}},"loc":{"start":{"line":11,"column":36},"end":{"line":34,"column":1}},"line":11},"1":{"name":"(anonymous_1)","decl":{"start":{"line":14,"column":12},"end":{"line":14,"column":13}},"loc":{"start":{"line":14,"column":18},"end":{"line":24,"column":3}},"line":14},"2":{"name":"(anonymous_2)","decl":{"start":{"line":16,"column":12},"end":{"line":16,"column":13}},"loc":{"start":{"line":16,"column":24},"end":{"line":20,"column":7}},"line":16},"3":{"name":"(anonymous_3)","decl":{"start":{"line":18,"column":52},"end":{"line":18,"column":53}},"loc":{"start":{"line":18,"column":58},"end":{"line":18,"column":77}},"line":18},"4":{"name":"(anonymous_4)","decl":{"start":{"line":21,"column":13},"end":{"line":21,"column":14}},"loc":{"start":{"line":21,"column":22},"end":{"line":23,"column":7}},"line":21}},"branchMap":{"0":{"loc":{"start":{"line":30,"column":7},"end":{"line":30,"column":59}},"type":"binary-expr","locations":[{"start":{"line":30,"column":7},"end":{"line":30,"column":26}},{"start":{"line":30,"column":30},"end":{"line":30,"column":59}}],"line":30}},"s":{"0":0,"1":0,"2":0,"3":0,"4":0,"5":0,"6":0,"7":0,"8":0,"9":0},"f":{"0":0,"1":0,"2":0,"3":0,"4":0},"b":{"0":[0,0]}}
,"C:\\Users\\lucia\\Downloads\\desafio3\\desafio3front\\src\\components\\SectionShop.tsx": {"path":"C:\\Users\\lucia\\Downloads\\desafio3\\desafio3front\\src\\components\\SectionShop.tsx","statementMap":{"0":{"start":{"line":12,"column":48},"end":{"line":73,"column":1}},"1":{"start":{"line":13,"column":34},"end":{"line":13,"column":57}},"2":{"start":{"line":14,"column":40},"end":{"line":14,"column":51}},"3":{"start":{"line":16,"column":2},"end":{"line":28,"column":19}},"4":{"start":{"line":17,"column":26},"end":{"line":26,"column":5}},"5":{"start":{"line":18,"column":23},"end":{"line":18,"column":72}},"6":{"start":{"line":19,"column":29},"end":{"line":19,"column":42}},"7":{"start":{"line":21,"column":6},"end":{"line":23,"column":7}},"8":{"start":{"line":22,"column":8},"end":{"line":22,"column":106}},"9":{"start":{"line":22,"column":73},"end":{"line":22,"column":104}},"10":{"start":{"line":25,"column":6},"end":{"line":25,"column":36}},"11":{"start":{"line":27,"column":4},"end":{"line":27,"column":20}},"12":{"start":{"line":30,"column":29},"end":{"line":30,"column":58}},"13":{"start":{"line":31,"column":30},"end":{"line":31,"column":66}},"14":{"start":{"line":32,"column":26},"end":{"line":32,"column":81}},"15":{"start":{"line":34,"column":21},"end":{"line":34,"column":65}},"16":{"start":{"line":36,"column":25},"end":{"line":40,"column":3}},"17":{"start":{"line":37,"column":4},"end":{"line":39,"column":5}},"18":{"start":{"line":38,"column":6},"end":{"line":38,"column":38}},"19":{"start":{"line":42,"column":27},"end":{"line":44,"column":3}},"20":{"start":{"line":43,"column":4},"end":{"line":43,"column":31}},"21":{"start":{"line":46,"column":2},"end":{"line":72,"column":4}},"22":{"start":{"line":50,"column":10},"end":{"line":50,"column":60}},"23":{"start":{"line":55,"column":10},"end":{"line":61,"column":19}},"24":{"start":{"line":57,"column":27},"end":{"line":57,"column":54}}},"fnMap":{"0":{"name":"(anonymous_0)","decl":{"start":{"line":12,"column":48},"end":{"line":12,"column":49}},"loc":{"start":{"line":12,"column":85},"end":{"line":73,"column":1}},"line":12},"1":{"name":"(anonymous_1)","decl":{"start":{"line":16,"column":12},"end":{"line":16,"column":13}},"loc":{"start":{"line":16,"column":18},"end":{"line":28,"column":3}},"line":16},"2":{"name":"(anonymous_2)","decl":{"start":{"line":17,"column":26},"end":{"line":17,"column":27}},"loc":{"start":{"line":17,"column":38},"end":{"line":26,"column":5}},"line":17},"3":{"name":"(anonymous_3)","decl":{"start":{"line":22,"column":51},"end":{"line":22,"column":52}},"loc":{"start":{"line":22,"column":73},"end":{"line":22,"column":104}},"line":22},"4":{"name":"(anonymous_4)","decl":{"start":{"line":36,"column":25},"end":{"line":36,"column":26}},"loc":{"start":{"line":36,"column":31},"end":{"line":40,"column":3}},"line":36},"5":{"name":"(anonymous_5)","decl":{"start":{"line":42,"column":27},"end":{"line":42,"column":28}},"loc":{"start":{"line":42,"column":51},"end":{"line":44,"column":3}},"line":42},"6":{"name":"(anonymous_6)","decl":{"start":{"line":49,"column":29},"end":{"line":49,"column":30}},"loc":{"start":{"line":50,"column":10},"end":{"line":50,"column":60}},"line":50},"7":{"name":"(anonymous_7)","decl":{"start":{"line":54,"column":57},"end":{"line":54,"column":58}},"loc":{"start":{"line":55,"column":10},"end":{"line":61,"column":19}},"line":55},"8":{"name":"(anonymous_8)","decl":{"start":{"line":57,"column":21},"end":{"line":57,"column":22}},"loc":{"start":{"line":57,"column":27},"end":{"line":57,"column":54}},"line":57}},"branchMap":{"0":{"loc":{"start":{"line":21,"column":6},"end":{"line":23,"column":7}},"type":"if","locations":[{"start":{"line":21,"column":6},"end":{"line":23,"column":7}},{"start":{},"end":{}}],"line":21},"1":{"loc":{"start":{"line":37,"column":4},"end":{"line":39,"column":5}},"type":"if","locations":[{"start":{"line":37,"column":4},"end":{"line":39,"column":5}},{"start":{},"end":{}}],"line":37},"2":{"loc":{"start":{"line":58,"column":44},"end":{"line":58,"column":85}},"type":"cond-expr","locations":[{"start":{"line":58,"column":72},"end":{"line":58,"column":80}},{"start":{"line":58,"column":83},"end":{"line":58,"column":85}}],"line":58}},"s":{"0":0,"1":0,"2":0,"3":0,"4":0,"5":0,"6":0,"7":0,"8":0,"9":0,"10":0,"11":0,"12":0,"13":0,"14":0,"15":0,"16":0,"17":0,"18":0,"19":0,"20":0,"21":0,"22":0,"23":0,"24":0},"f":{"0":0,"1":0,"2":0,"3":0,"4":0,"5":0,"6":0,"7":0,"8":0},"b":{"0":[0,0],"1":[0,0],"2":[0,0]}}
,"C:\\Users\\lucia\\Downloads\\desafio3\\desafio3front\\src\\contexts\\AuthContext.tsx": {"path":"C:\\Users\\lucia\\Downloads\\desafio3\\desafio3front\\src\\contexts\\AuthContext.tsx","statementMap":{"0":{"start":{"line":10,"column":20},"end":{"line":10,"column":73}},"1":{"start":{"line":12,"column":56},"end":{"line":30,"column":1}},"2":{"start":{"line":13,"column":26},"end":{"line":13,"column":53}},"3":{"start":{"line":14,"column":32},"end":{"line":14,"column":46}},"4":{"start":{"line":16,"column":2},"end":{"line":23,"column":9}},"5":{"start":{"line":17,"column":24},"end":{"line":20,"column":6}},"6":{"start":{"line":18,"column":6},"end":{"line":18,"column":20}},"7":{"start":{"line":19,"column":6},"end":{"line":19,"column":24}},"8":{"start":{"line":22,"column":4},"end":{"line":22,"column":31}},"9":{"start":{"line":22,"column":17},"end":{"line":22,"column":30}},"10":{"start":{"line":25,"column":2},"end":{"line":29,"column":4}}},"fnMap":{"0":{"name":"(anonymous_0)","decl":{"start":{"line":12,"column":56},"end":{"line":12,"column":57}},"loc":{"start":{"line":12,"column":74},"end":{"line":30,"column":1}},"line":12},"1":{"name":"(anonymous_1)","decl":{"start":{"line":16,"column":12},"end":{"line":16,"column":13}},"loc":{"start":{"line":16,"column":18},"end":{"line":23,"column":3}},"line":16},"2":{"name":"(anonymous_2)","decl":{"start":{"line":17,"column":48},"end":{"line":17,"column":49}},"loc":{"start":{"line":17,"column":58},"end":{"line":20,"column":5}},"line":17},"3":{"name":"(anonymous_3)","decl":{"start":{"line":22,"column":11},"end":{"line":22,"column":12}},"loc":{"start":{"line":22,"column":17},"end":{"line":22,"column":30}},"line":22}},"branchMap":{},"s":{"0":0,"1":0,"2":0,"3":0,"4":0,"5":0,"6":0,"7":0,"8":0,"9":0,"10":0},"f":{"0":0,"1":0,"2":0,"3":0},"b":{}}
,"C:\\Users\\lucia\\Downloads\\desafio3\\desafio3front\\src\\contexts\\CartContext.tsx": {"path":"C:\\Users\\lucia\\Downloads\\desafio3\\desafio3front\\src\\contexts\\CartContext.tsx","statementMap":{"0":{"start":{"line":11,"column":20},"end":{"line":11,"column":73}},"1":{"start":{"line":13,"column":63},"end":{"line":37,"column":1}},"2":{"start":{"line":14,"column":26},"end":{"line":14,"column":49}},"3":{"start":{"line":16,"column":20},"end":{"line":26,"column":3}},"4":{"start":{"line":17,"column":4},"end":{"line":25,"column":7}},"5":{"start":{"line":18,"column":30},"end":{"line":18,"column":75}},"6":{"start":{"line":18,"column":52},"end":{"line":18,"column":74}},"7":{"start":{"line":19,"column":6},"end":{"line":23,"column":7}},"8":{"start":{"line":20,"column":8},"end":{"line":22,"column":10}},"9":{"start":{"line":21,"column":10},"end":{"line":21,"column":89}},"10":{"start":{"line":24,"column":6},"end":{"line":24,"column":56}},"11":{"start":{"line":28,"column":25},"end":{"line":30,"column":3}},"12":{"start":{"line":29,"column":4},"end":{"line":29,"column":78}},"13":{"start":{"line":29,"column":24},"end":{"line":29,"column":76}},"14":{"start":{"line":29,"column":51},"end":{"line":29,"column":75}},"15":{"start":{"line":32,"column":2},"end":{"line":36,"column":4}},"16":{"start":{"line":39,"column":23},"end":{"line":45,"column":1}},"17":{"start":{"line":40,"column":18},"end":{"line":40,"column":41}},"18":{"start":{"line":41,"column":2},"end":{"line":43,"column":3}},"19":{"start":{"line":42,"column":4},"end":{"line":42,"column":66}},"20":{"start":{"line":44,"column":2},"end":{"line":44,"column":17}}},"fnMap":{"0":{"name":"(anonymous_0)","decl":{"start":{"line":13,"column":63},"end":{"line":13,"column":64}},"loc":{"start":{"line":13,"column":81},"end":{"line":37,"column":1}},"line":13},"1":{"name":"(anonymous_1)","decl":{"start":{"line":16,"column":20},"end":{"line":16,"column":21}},"loc":{"start":{"line":16,"column":42},"end":{"line":26,"column":3}},"line":16},"2":{"name":"(anonymous_2)","decl":{"start":{"line":17,"column":12},"end":{"line":17,"column":13}},"loc":{"start":{"line":17,"column":24},"end":{"line":25,"column":5}},"line":17},"3":{"name":"(anonymous_3)","decl":{"start":{"line":18,"column":44},"end":{"line":18,"column":45}},"loc":{"start":{"line":18,"column":52},"end":{"line":18,"column":74}},"line":18},"4":{"name":"(anonymous_4)","decl":{"start":{"line":20,"column":28},"end":{"line":20,"column":29}},"loc":{"start":{"line":21,"column":10},"end":{"line":21,"column":89}},"line":21},"5":{"name":"(anonymous_5)","decl":{"start":{"line":28,"column":25},"end":{"line":28,"column":26}},"loc":{"start":{"line":28,"column":48},"end":{"line":30,"column":3}},"line":28},"6":{"name":"(anonymous_6)","decl":{"start":{"line":29,"column":12},"end":{"line":29,"column":13}},"loc":{"start":{"line":29,"column":24},"end":{"line":29,"column":76}},"line":29},"7":{"name":"(anonymous_7)","decl":{"start":{"line":29,"column":40},"end":{"line":29,"column":41}},"loc":{"start":{"line":29,"column":51},"end":{"line":29,"column":75}},"line":29},"8":{"name":"(anonymous_8)","decl":{"start":{"line":39,"column":23},"end":{"line":39,"column":24}},"loc":{"start":{"line":39,"column":29},"end":{"line":45,"column":1}},"line":39}},"branchMap":{"0":{"loc":{"start":{"line":19,"column":6},"end":{"line":23,"column":7}},"type":"if","locations":[{"start":{"line":19,"column":6},"end":{"line":23,"column":7}},{"start":{},"end":{}}],"line":19},"1":{"loc":{"start":{"line":21,"column":10},"end":{"line":21,"column":89}},"type":"cond-expr","locations":[{"start":{"line":21,"column":35},"end":{"line":21,"column":82}},{"start":{"line":21,"column":85},"end":{"line":21,"column":89}}],"line":21},"2":{"loc":{"start":{"line":21,"column":57},"end":{"line":21,"column":75}},"type":"binary-expr","locations":[{"start":{"line":21,"column":57},"end":{"line":21,"column":70}},{"start":{"line":21,"column":74},"end":{"line":21,"column":75}}],"line":21},"3":{"loc":{"start":{"line":41,"column":2},"end":{"line":43,"column":3}},"type":"if","locations":[{"start":{"line":41,"column":2},"end":{"line":43,"column":3}},{"start":{},"end":{}}],"line":41}},"s":{"0":0,"1":0,"2":0,"3":0,"4":0,"5":0,"6":0,"7":0,"8":0,"9":0,"10":0,"11":0,"12":0,"13":0,"14":0,"15":0,"16":0,"17":0,"18":0,"19":0,"20":0},"f":{"0":0,"1":0,"2":0,"3":0,"4":0,"5":0,"6":0,"7":0,"8":0},"b":{"0":[0,0],"1":[0,0],"2":[0,0],"3":[0,0]}}
,"C:\\Users\\lucia\\Downloads\\desafio3\\desafio3front\\src\\pages\\Cart.tsx": {"path":"C:\\Users\\lucia\\Downloads\\desafio3\\desafio3front\\src\\pages\\Cart.tsx","statementMap":{"0":{"start":{"line":5,"column":23},"end":{"line":12,"column":1}},"1":{"start":{"line":6,"column":2},"end":{"line":11,"column":4}}},"fnMap":{"0":{"name":"(anonymous_0)","decl":{"start":{"line":5,"column":23},"end":{"line":5,"column":24}},"loc":{"start":{"line":5,"column":29},"end":{"line":12,"column":1}},"line":5}},"branchMap":{},"s":{"0":0,"1":0},"f":{"0":0},"b":{}}
,"C:\\Users\\lucia\\Downloads\\desafio3\\desafio3front\\src\\pages\\Checkout.tsx": {"path":"C:\\Users\\lucia\\Downloads\\desafio3\\desafio3front\\src\\pages\\Checkout.tsx","statementMap":{"0":{"start":{"line":5,"column":17},"end":{"line":17,"column":1}},"1":{"start":{"line":6,"column":2},"end":{"line":16,"column":3}}},"fnMap":{"0":{"name":"(anonymous_0)","decl":{"start":{"line":5,"column":17},"end":{"line":5,"column":18}},"loc":{"start":{"line":5,"column":23},"end":{"line":17,"column":1}},"line":5}},"branchMap":{},"s":{"0":0,"1":0},"f":{"0":0},"b":{}}
,"C:\\Users\\lucia\\Downloads\\desafio3\\desafio3front\\src\\pages\\Contact.tsx": {"path":"C:\\Users\\lucia\\Downloads\\desafio3\\desafio3front\\src\\pages\\Contact.tsx","statementMap":{"0":{"start":{"line":5,"column":16},"end":{"line":16,"column":1}},"1":{"start":{"line":6,"column":2},"end":{"line":15,"column":3}}},"fnMap":{"0":{"name":"(anonymous_0)","decl":{"start":{"line":5,"column":16},"end":{"line":5,"column":17}},"loc":{"start":{"line":5,"column":22},"end":{"line":16,"column":1}},"line":5}},"branchMap":{},"s":{"0":0,"1":0},"f":{"0":0},"b":{}}
,"C:\\Users\\lucia\\Downloads\\desafio3\\desafio3front\\src\\pages\\Home.tsx": {"path":"C:\\Users\\lucia\\Downloads\\desafio3\\desafio3front\\src\\pages\\Home.tsx","statementMap":{"0":{"start":{"line":4,"column":13},"end":{"line":11,"column":1}},"1":{"start":{"line":5,"column":2},"end":{"line":10,"column":3}}},"fnMap":{"0":{"name":"(anonymous_0)","decl":{"start":{"line":4,"column":13},"end":{"line":4,"column":14}},"loc":{"start":{"line":4,"column":19},"end":{"line":11,"column":1}},"line":4}},"branchMap":{},"s":{"0":0,"1":0},"f":{"0":0},"b":{}}
,"C:\\Users\\lucia\\Downloads\\desafio3\\desafio3front\\src\\pages\\Login.tsx": {"path":"C:\\Users\\lucia\\Downloads\\desafio3\\desafio3front\\src\\pages\\Login.tsx","statementMap":{"0":{"start":{"line":7,"column":24},"end":{"line":64,"column":1}},"1":{"start":{"line":8,"column":28},"end":{"line":8,"column":48}},"2":{"start":{"line":9,"column":34},"end":{"line":9,"column":54}},"3":{"start":{"line":10,"column":61},"end":{"line":10,"column":96}},"4":{"start":{"line":11,"column":19},"end":{"line":11,"column":32}},"5":{"start":{"line":12,"column":32},"end":{"line":12,"column":61}},"6":{"start":{"line":14,"column":2},"end":{"line":21,"column":23}},"7":{"start":{"line":15,"column":4},"end":{"line":20,"column":5}},"8":{"start":{"line":16,"column":6},"end":{"line":16,"column":38}},"9":{"start":{"line":17,"column":6},"end":{"line":19,"column":15}},"10":{"start":{"line":18,"column":8},"end":{"line":18,"column":22}},"11":{"start":{"line":23,"column":22},"end":{"line":30,"column":3}},"12":{"start":{"line":24,"column":4},"end":{"line":24,"column":23}},"13":{"start":{"line":25,"column":4},"end":{"line":29,"column":5}},"14":{"start":{"line":26,"column":6},"end":{"line":26,"column":56}},"15":{"start":{"line":28,"column":6},"end":{"line":28,"column":53}},"16":{"start":{"line":32,"column":2},"end":{"line":63,"column":4}},"17":{"start":{"line":40,"column":29},"end":{"line":40,"column":53}},"18":{"start":{"line":47,"column":29},"end":{"line":47,"column":56}}},"fnMap":{"0":{"name":"(anonymous_0)","decl":{"start":{"line":7,"column":24},"end":{"line":7,"column":25}},"loc":{"start":{"line":7,"column":30},"end":{"line":64,"column":1}},"line":7},"1":{"name":"(anonymous_1)","decl":{"start":{"line":14,"column":12},"end":{"line":14,"column":13}},"loc":{"start":{"line":14,"column":18},"end":{"line":21,"column":3}},"line":14},"2":{"name":"(anonymous_2)","decl":{"start":{"line":17,"column":17},"end":{"line":17,"column":18}},"loc":{"start":{"line":17,"column":23},"end":{"line":19,"column":7}},"line":17},"3":{"name":"(anonymous_3)","decl":{"start":{"line":23,"column":22},"end":{"line":23,"column":23}},"loc":{"start":{"line":23,"column":52},"end":{"line":30,"column":3}},"line":23},"4":{"name":"(anonymous_4)","decl":{"start":{"line":40,"column":22},"end":{"line":40,"column":23}},"loc":{"start":{"line":40,"column":29},"end":{"line":40,"column":53}},"line":40},"5":{"name":"(anonymous_5)","decl":{"start":{"line":47,"column":22},"end":{"line":47,"column":23}},"loc":{"start":{"line":47,"column":29},"end":{"line":47,"column":56}},"line":47}},"branchMap":{"0":{"loc":{"start":{"line":15,"column":4},"end":{"line":20,"column":5}},"type":"if","locations":[{"start":{"line":15,"column":4},"end":{"line":20,"column":5}},{"start":{},"end":{}}],"line":15},"1":{"loc":{"start":{"line":52,"column":13},"end":{"line":52,"column":48}},"type":"cond-expr","locations":[{"start":{"line":52,"column":23},"end":{"line":52,"column":38}},{"start":{"line":52,"column":41},"end":{"line":52,"column":48}}],"line":52},"2":{"loc":{"start":{"line":55,"column":9},"end":{"line":59,"column":9}},"type":"binary-expr","locations":[{"start":{"line":55,"column":9},"end":{"line":55,"column":16}},{"start":{"line":56,"column":10},"end":{"line":58,"column":16}}],"line":55},"3":{"loc":{"start":{"line":56,"column":37},"end":{"line":56,"column":64}},"type":"cond-expr","locations":[{"start":{"line":56,"column":45},"end":{"line":56,"column":52}},{"start":{"line":56,"column":55},"end":{"line":56,"column":64}}],"line":56}},"s":{"0":0,"1":0,"2":0,"3":0,"4":0,"5":0,"6":0,"7":0,"8":0,"9":0,"10":0,"11":0,"12":0,"13":0,"14":0,"15":0,"16":0,"17":0,"18":0},"f":{"0":0,"1":0,"2":0,"3":0,"4":0,"5":0},"b":{"0":[0,0],"1":[0,0],"2":[0,0],"3":[0,0]}}
,"C:\\Users\\lucia\\Downloads\\desafio3\\desafio3front\\src\\pages\\ProductPage.tsx": {"path":"C:\\Users\\lucia\\Downloads\\desafio3\\desafio3front\\src\\pages\\ProductPage.tsx","statementMap":{"0":{"start":{"line":10,"column":30},"end":{"line":45,"column":1}},"1":{"start":{"line":11,"column":17},"end":{"line":11,"column":44}},"2":{"start":{"line":12,"column":32},"end":{"line":12,"column":62}},"3":{"start":{"line":13,"column":28},"end":{"line":13,"column":57}},"4":{"start":{"line":15,"column":2},"end":{"line":27,"column":11}},"5":{"start":{"line":16,"column":25},"end":{"line":24,"column":5}},"6":{"start":{"line":17,"column":6},"end":{"line":23,"column":7}},"7":{"start":{"line":18,"column":25},"end":{"line":18,"column":80}},"8":{"start":{"line":19,"column":8},"end":{"line":19,"column":34}},"9":{"start":{"line":21,"column":8},"end":{"line":21,"column":73}},"10":{"start":{"line":22,"column":8},"end":{"line":22,"column":61}},"11":{"start":{"line":26,"column":4},"end":{"line":26,"column":19}},"12":{"start":{"line":29,"column":2},"end":{"line":31,"column":3}},"13":{"start":{"line":30,"column":4},"end":{"line":30,"column":30}},"14":{"start":{"line":33,"column":2},"end":{"line":35,"column":3}},"15":{"start":{"line":34,"column":4},"end":{"line":34,"column":61}},"16":{"start":{"line":37,"column":2},"end":{"line":44,"column":4}}},"fnMap":{"0":{"name":"(anonymous_0)","decl":{"start":{"line":10,"column":30},"end":{"line":10,"column":31}},"loc":{"start":{"line":10,"column":36},"end":{"line":45,"column":1}},"line":10},"1":{"name":"(anonymous_1)","decl":{"start":{"line":15,"column":12},"end":{"line":15,"column":13}},"loc":{"start":{"line":15,"column":18},"end":{"line":27,"column":3}},"line":15},"2":{"name":"(anonymous_2)","decl":{"start":{"line":16,"column":25},"end":{"line":16,"column":26}},"loc":{"start":{"line":16,"column":37},"end":{"line":24,"column":5}},"line":16}},"branchMap":{"0":{"loc":{"start":{"line":29,"column":2},"end":{"line":31,"column":3}},"type":"if","locations":[{"start":{"line":29,"column":2},"end":{"line":31,"column":3}},{"start":{},"end":{}}],"line":29},"1":{"loc":{"start":{"line":33,"column":2},"end":{"line":35,"column":3}},"type":"if","locations":[{"start":{"line":33,"column":2},"end":{"line":35,"column":3}},{"start":{},"end":{}}],"line":33}},"s":{"0":0,"1":0,"2":0,"3":0,"4":0,"5":0,"6":0,"7":0,"8":0,"9":0,"10":0,"11":0,"12":0,"13":0,"14":0,"15":0,"16":0},"f":{"0":0,"1":0,"2":0},"b":{"0":[0,0],"1":[0,0]}}
,"C:\\Users\\lucia\\Downloads\\desafio3\\desafio3front\\src\\pages\\Shop.tsx": {"path":"C:\\Users\\lucia\\Downloads\\desafio3\\desafio3front\\src\\pages\\Shop.tsx","statementMap":{"0":{"start":{"line":7,"column":23},"end":{"line":36,"column":1}},"1":{"start":{"line":8,"column":48},"end":{"line":8,"column":68}},"2":{"start":{"line":9,"column":38},"end":{"line":9,"column":65}},"3":{"start":{"line":11,"column":29},"end":{"line":13,"column":3}},"4":{"start":{"line":12,"column":4},"end":{"line":12,"column":30}},"5":{"start":{"line":15,"column":38},"end":{"line":17,"column":3}},"6":{"start":{"line":16,"column":4},"end":{"line":16,"column":30}},"7":{"start":{"line":19,"column":2},"end":{"line":35,"column":4}}},"fnMap":{"0":{"name":"(anonymous_0)","decl":{"start":{"line":7,"column":23},"end":{"line":7,"column":24}},"loc":{"start":{"line":7,"column":29},"end":{"line":36,"column":1}},"line":7},"1":{"name":"(anonymous_1)","decl":{"start":{"line":11,"column":29},"end":{"line":11,"column":30}},"loc":{"start":{"line":11,"column":53},"end":{"line":13,"column":3}},"line":11},"2":{"name":"(anonymous_2)","decl":{"start":{"line":15,"column":38},"end":{"line":15,"column":39}},"loc":{"start":{"line":15,"column":57},"end":{"line":17,"column":3}},"line":15}},"branchMap":{},"s":{"0":0,"1":0,"2":0,"3":0,"4":0,"5":0,"6":0,"7":0},"f":{"0":0,"1":0,"2":0},"b":{}}
,"C:\\Users\\lucia\\Downloads\\desafio3\\desafio3front\\src\\pages\\Signup.tsx": {"path":"C:\\Users\\lucia\\Downloads\\desafio3\\desafio3front\\src\\pages\\Signup.tsx","statementMap":{"0":{"start":{"line":7,"column":25},"end":{"line":85,"column":1}},"1":{"start":{"line":8,"column":28},"end":{"line":8,"column":40}},"2":{"start":{"line":9,"column":34},"end":{"line":9,"column":46}},"3":{"start":{"line":10,"column":26},"end":{"line":10,"column":38}},"4":{"start":{"line":11,"column":65},"end":{"line":11,"column":104}},"5":{"start":{"line":12,"column":19},"end":{"line":12,"column":32}},"6":{"start":{"line":13,"column":32},"end":{"line":13,"column":61}},"7":{"start":{"line":15,"column":2},"end":{"line":22,"column":23}},"8":{"start":{"line":16,"column":4},"end":{"line":21,"column":5}},"9":{"start":{"line":17,"column":6},"end":{"line":17,"column":39}},"10":{"start":{"line":18,"column":6},"end":{"line":20,"column":15}},"11":{"start":{"line":19,"column":8},"end":{"line":19,"column":27}},"12":{"start":{"line":24,"column":24},"end":{"line":27,"column":3}},"13":{"start":{"line":25,"column":15},"end":{"line":25,"column":43}},"14":{"start":{"line":26,"column":4},"end":{"line":26,"column":48}},"15":{"start":{"line":29,"column":23},"end":{"line":44,"column":3}},"16":{"start":{"line":30,"column":4},"end":{"line":30,"column":23}},"17":{"start":{"line":31,"column":4},"end":{"line":34,"column":5}},"18":{"start":{"line":32,"column":6},"end":{"line":32,"column":44}},"19":{"start":{"line":33,"column":6},"end":{"line":33,"column":13}},"20":{"start":{"line":35,"column":4},"end":{"line":38,"column":5}},"21":{"start":{"line":36,"column":6},"end":{"line":36,"column":42}},"22":{"start":{"line":37,"column":6},"end":{"line":37,"column":13}},"23":{"start":{"line":39,"column":4},"end":{"line":43,"column":5}},"24":{"start":{"line":40,"column":6},"end":{"line":40,"column":60}},"25":{"start":{"line":42,"column":6},"end":{"line":42,"column":53}},"26":{"start":{"line":46,"column":2},"end":{"line":84,"column":4}},"27":{"start":{"line":54,"column":29},"end":{"line":54,"column":52}},"28":{"start":{"line":61,"column":29},"end":{"line":61,"column":53}},"29":{"start":{"line":68,"column":29},"end":{"line":68,"column":56}}},"fnMap":{"0":{"name":"(anonymous_0)","decl":{"start":{"line":7,"column":25},"end":{"line":7,"column":26}},"loc":{"start":{"line":7,"column":31},"end":{"line":85,"column":1}},"line":7},"1":{"name":"(anonymous_1)","decl":{"start":{"line":15,"column":12},"end":{"line":15,"column":13}},"loc":{"start":{"line":15,"column":18},"end":{"line":22,"column":3}},"line":15},"2":{"name":"(anonymous_2)","decl":{"start":{"line":18,"column":17},"end":{"line":18,"column":18}},"loc":{"start":{"line":18,"column":23},"end":{"line":20,"column":7}},"line":18},"3":{"name":"(anonymous_3)","decl":{"start":{"line":24,"column":24},"end":{"line":24,"column":25}},"loc":{"start":{"line":24,"column":52},"end":{"line":27,"column":3}},"line":24},"4":{"name":"(anonymous_4)","decl":{"start":{"line":29,"column":23},"end":{"line":29,"column":24}},"loc":{"start":{"line":29,"column":53},"end":{"line":44,"column":3}},"line":29},"5":{"name":"(anonymous_5)","decl":{"start":{"line":54,"column":22},"end":{"line":54,"column":23}},"loc":{"start":{"line":54,"column":29},"end":{"line":54,"column":52}},"line":54},"6":{"name":"(anonymous_6)","decl":{"start":{"line":61,"column":22},"end":{"line":61,"column":23}},"loc":{"start":{"line":61,"column":29},"end":{"line":61,"column":53}},"line":61},"7":{"name":"(anonymous_7)","decl":{"start":{"line":68,"column":22},"end":{"line":68,"column":23}},"loc":{"start":{"line":68,"column":29},"end":{"line":68,"column":56}},"line":68}},"branchMap":{"0":{"loc":{"start":{"line":16,"column":4},"end":{"line":21,"column":5}},"type":"if","locations":[{"start":{"line":16,"column":4},"end":{"line":21,"column":5}},{"start":{},"end":{}}],"line":16},"1":{"loc":{"start":{"line":31,"column":4},"end":{"line":34,"column":5}},"type":"if","locations":[{"start":{"line":31,"column":4},"end":{"line":34,"column":5}},{"start":{},"end":{}}],"line":31},"2":{"loc":{"start":{"line":31,"column":8},"end":{"line":31,"column":36}},"type":"binary-expr","locations":[{"start":{"line":31,"column":8},"end":{"line":31,"column":13}},{"start":{"line":31,"column":17},"end":{"line":31,"column":23}},{"start":{"line":31,"column":27},"end":{"line":31,"column":36}}],"line":31},"3":{"loc":{"start":{"line":35,"column":4},"end":{"line":38,"column":5}},"type":"if","locations":[{"start":{"line":35,"column":4},"end":{"line":38,"column":5}},{"start":{},"end":{}}],"line":35},"4":{"loc":{"start":{"line":73,"column":13},"end":{"line":73,"column":50}},"type":"cond-expr","locations":[{"start":{"line":73,"column":23},"end":{"line":73,"column":38}},{"start":{"line":73,"column":41},"end":{"line":73,"column":50}}],"line":73},"5":{"loc":{"start":{"line":76,"column":9},"end":{"line":80,"column":9}},"type":"binary-expr","locations":[{"start":{"line":76,"column":9},"end":{"line":76,"column":16}},{"start":{"line":77,"column":10},"end":{"line":79,"column":16}}],"line":76},"6":{"loc":{"start":{"line":77,"column":37},"end":{"line":77,"column":64}},"type":"cond-expr","locations":[{"start":{"line":77,"column":45},"end":{"line":77,"column":52}},{"start":{"line":77,"column":55},"end":{"line":77,"column":64}}],"line":77}},"s":{"0":0,"1":0,"2":0,"3":0,"4":0,"5":0,"6":0,"7":0,"8":0,"9":0,"10":0,"11":0,"12":0,"13":0,"14":0,"15":0,"16":0,"17":0,"18":0,"19":0,"20":0,"21":0,"22":0,"23":0,"24":0,"25":0,"26":0,"27":0,"28":0,"29":0},"f":{"0":0,"1":0,"2":0,"3":0,"4":0,"5":0,"6":0,"7":0},"b":{"0":[0,0],"1":[0,0],"2":[0,0,0],"3":[0,0],"4":[0,0],"5":[0,0],"6":[0,0]}}
,"C:\\Users\\lucia\\Downloads\\desafio3\\desafio3front\\src\\services\\api.ts": {"path":"C:\\Users\\lucia\\Downloads\\desafio3\\desafio3front\\src\\services\\api.ts","statementMap":{"0":{"start":{"line":3,"column":12},"end":{"line":5,"column":2}},"1":{"start":{"line":7,"column":27},"end":{"line":9,"column":1}},"2":{"start":{"line":8,"column":2},"end":{"line":8,"column":30}}},"fnMap":{"0":{"name":"(anonymous_0)","decl":{"start":{"line":7,"column":27},"end":{"line":7,"column":28}},"loc":{"start":{"line":7,"column":33},"end":{"line":9,"column":1}},"line":7}},"branchMap":{},"s":{"0":0,"1":0,"2":0},"f":{"0":0},"b":{}}
,"C:\\Users\\lucia\\Downloads\\desafio3\\desafio3front\\src\\types\\Product.tsx": {"path":"C:\\Users\\lucia\\Downloads\\desafio3\\desafio3front\\src\\types\\Product.tsx","statementMap":{},"fnMap":{},"branchMap":{},"s":{},"f":{},"b":{}}
}
